-------------------------------------------------------------------------------
Test set: com.miage.altea.tp.pokemon_type_api.controller.PokemonTypeControllerIntegrationTest
-------------------------------------------------------------------------------
Tests run: 2, Failures: 0, Errors: 2, Skipped: 0, Time elapsed: 2.272 s <<< FAILURE! - in com.miage.altea.tp.pokemon_type_api.controller.PokemonTypeControllerIntegrationTest
getPokemon_withId25_ShouldReturnPikachu  Time elapsed: 0 s  <<< ERROR!
org.springframework.beans.factory.UnsatisfiedDependencyException: Error creating bean with name 'com.miage.altea.tp.pokemon_type_api.controller.PokemonTypeControllerIntegrationTest': Unsatisfied dependency expressed through field 'controller'; nested exception is org.springframework.beans.factory.NoSuchBeanDefinitionException: No qualifying bean of type 'com.miage.altea.tp.pokemon_type_api.controller.PokemonTypeControllerTest' available: expected at least 1 bean which qualifies as autowire candidate. Dependency annotations: {@org.springframework.beans.factory.annotation.Autowired(required=true)}
Caused by: org.springframework.beans.factory.NoSuchBeanDefinitionException: No qualifying bean of type 'com.miage.altea.tp.pokemon_type_api.controller.PokemonTypeControllerTest' available: expected at least 1 bean which qualifies as autowire candidate. Dependency annotations: {@org.springframework.beans.factory.annotation.Autowired(required=true)}

pokemonTypeController_shouldBeInstanciated  Time elapsed: 0 s  <<< ERROR!
org.springframework.beans.factory.UnsatisfiedDependencyException: Error creating bean with name 'com.miage.altea.tp.pokemon_type_api.controller.PokemonTypeControllerIntegrationTest': Unsatisfied dependency expressed through field 'controller'; nested exception is org.springframework.beans.factory.NoSuchBeanDefinitionException: No qualifying bean of type 'com.miage.altea.tp.pokemon_type_api.controller.PokemonTypeControllerTest' available: expected at least 1 bean which qualifies as autowire candidate. Dependency annotations: {@org.springframework.beans.factory.annotation.Autowired(required=true)}
Caused by: org.springframework.beans.factory.NoSuchBeanDefinitionException: No qualifying bean of type 'com.miage.altea.tp.pokemon_type_api.controller.PokemonTypeControllerTest' available: expected at least 1 bean which qualifies as autowire candidate. Dependency annotations: {@org.springframework.beans.factory.annotation.Autowired(required=true)}

